            CHANGE LOG for Marvell Camera Engine Framework

/*****************************************************************************
*(C) Copyright 2010 Marvell International Ltd.
* All Rights Reserved
******************************************************************************/

Version 2.0
------------------------------ 
  N/A
  

Version 2.3  
------------------------------
[2011-03-10-1] file re-naming for a more normal and organizable style, while keep interface and behavior stable, as following:
         < format: 2.0 naming -> 2.3 naming >
         |-- Android.mk
         |-- build
         |-- example
         |-- include
         |   |-- CamBoardDefs.h
         |   |-- CameraEngine.h
         |-- lib
          `-- src
              `-- cameraengine2
                  `-- ansi_c
                      |-- Android_cameraengine.mk
                      |-- Android_sensorhal.mk
                      |-- _include
                      |   |-- CamTrace.h           ->cam_trace.h   
                      |   |-- extisp_sensorhal.h   ->cam_extisp_sensorhal.h    
                      |   |-- extisp_strategy.h    ->cam_extisp_buildopt.h   < for build option manifest >    
                      |   |-- log.h                ->cam_log.h                 
                      |   |-- socdefs.h            ->cam_socdef.h              
                      |   `-- utility.h            ->cam_utility.h 
                      |-- extisp_cameraengine
                      |   |-- CameraEngineExtIsp.c ->cam_extisp_eng.c       
                      |   `-- _CameraEngineExtIsp.h->cam_extisp_eng.h
			          |    -- N/A                  ->cam_extisp_ppu.c
			          |    -- N/A                  ->cam_extisp_ppu.h
                      |-- extisp_sensorhal
                      |   |-- SensorHalWrapper.c   ->cam_extisp_sensorhal.c   
                      |   |-- SensorHalWrapper.h   ->cam_extisp_sensorwrapper.h 
                      |   |-- LogitechC500.c       ->cam_extisp_logic500.c
                      |   |-- LogitechC500.h       ->cam_extisp_logic500.h    
                      |   |-- m6mo.c               ->cam_extisp_m6mo.c         
                      |   |-- m6mo.h               ->cam_extisp_m6mo.h       
                      |   |-- ov3640.c             ->cam_extisp_ov3640.c     
                      |   |-- ov3640.h             ->cam_extisp_ov3640.h        
                      |   |-- ov5640.c             ->cam_extisp_ov5640.c       
                      |   |-- ov5640.h             ->cam_extisp_ov5640.h      
                      |   |-- ov5642.c             ->cam_extisp_ov5642.c      
                      |   |-- ov5642.h             ->cam_extisp_ov5642.h    
                      |   |-- v4l2base.c           ->cam_extisp_v4l2base.c   
                      |   `-- v4l2base.h           ->cam_extisp_v4l2base.h 
                      `-- general
                          |-- CamGen.c             ->cam_gen.c
                          |-- CamTrace.c           ->cam_trace.c
                          `-- utility.c            ->cam_utility.c 
  
  
  
[2011-03-10-2] isolate Post Processing Unit as an plug-in of Camera Engine, other than mixed with Camera Engine main body code.
  

Version 2.3.1
-------------------------------------------
[2011-04-20-1] align naming convention: 
               (a)type prefix:
                  structure--> st
                  string   --> s
                  char     --> c
                  int      --> i
                  pointer  --> p

               (b)internal data type must start from "_"

[2011-04-20-2] add JPEG digital zoom feature 

[2011-04-20-3] add in-place post-processing path in camera-engine to save memory footprint for physical continuous memory, now 420p->420sp conversion follow this path by default.

[2011-04-20-4] libippexif: add GPS tag support and thumbnail support in lib, rename lib from libcodecexif to libippexif

[2011-05-10-1] add sensor digital zoom support, open iDigitalZoomStepQ16, bSupportSmoothDigZoom in camera capability for query

[2011-05-10-2] add duplicate buffer enqueue handling, will dismiss this operation and return warning to user

[2011-05-10-3] add yuv420p/uyvy/yuv420sp/yuv422p IPP software digital zoom support in post-processing

[2011-05-10-4] add DISABLE_SENSOR_DYNAMIC_DETECT macro in cam_extisp_buildopt.h to help customer shorten camera-off to viewfinder-on latency in MP stage

Version 3.0
-------------------------------------------
[2011-06-01-1] refine fps set/get API to CAM_CMD_SET_FRAMERATE/GET_FRAMERATE
[2011-06-01-2] add fps into camera shot parameters
[2011-06-01-3] add advance still/camcorder feature support API: CAM_CMD_SET_STILL_SUBMODE/CAM_CMD_SET_VIDEO_SUBMODE
[2011-06-01-4] expose camera facing/install orientation/output prop in CAM_DeviceProp while enum sensors
[2011-08-11-1] modify camera sensor self detect mechanism to support three different driver arch in Marvell platform(cafe-ccic, cafe-ccic + videobuf2, soc-camera )

